[1/35] Sending to Dr. at Donddental <nioshadaneshvar@gmail.com>
✅ Sent email to Dr. Niosha Daneshvar <nioshadaneshvar@gmail.com>
Waiting 120 seconds before next email...
[2/35] Sending to Dr. at Bloor West & High Park Dental Clinic <littlegreenbuilding@gmail.com>
✅ Sent email to Dr. Michael Paltsev <littlegreenbuilding@gmail.com>
Waiting 120 seconds before next email...
[3/35] Sending to Dr. at The Smile Team <smileteamtoronto@gmail.com>
✅ Sent email to Dr. Abid Hidayat <smileteamtoronto@gmail.com>
Waiting 120 seconds before next email...
[4/35] Sending to Dr. at Dr. Damon Tsai Dental Office <damontsaidental@gmail.com>
✅ Sent email to Dr. Damon Tsai <damontsaidental@gmail.com>
Waiting 120 seconds before next email...
[5/35] Sending to Dr. at Dr Lisa Fruitman Family Dentistry <drfruitman@gmail.com>
✅ Sent email to Dr. Lisa Fruitman <drfruitman@gmail.com>
Waiting 120 seconds before next email...
[6/35] Sending to Owner at Northern Fitness <northernfitnessnf@gmail.com>
✅ Sent email to Owner <northernfitnessnf@gmail.com>
Waiting 120 seconds before next email...
[7/35] Sending to Dr. at Derry Village Physiotherapy & Chiropractic <derry.village.physio@gmail.com>
✅ Sent email to Dr. James Devassy <derry.village.physio@gmail.com>
Waiting 120 seconds before next email...
[8/35] Sending to Dr. at Dr Anita Chopra - Family Chiropractor <dranitachopra@gmail.com>
✅ Sent email to Dr. Anita Chopra <dranitachopra@gmail.com>
Waiting 120 seconds before next email...
[9/35] Sending to Kevin at West End Rehab and Physical Therapy <kevin.cheyne@gmail.com>
✅ Sent email to Kevin Cheyne <kevin.cheyne@gmail.com>
Waiting 120 seconds before next email...
[10/35] Sending to Dr. at Dr. Jasleen Singh <dr.jasleensingh@gmail.com>
✅ Sent email to Dr. Jasleen Singh <dr.jasleensingh@gmail.com>
Waiting 120 seconds before next email...
[11/35] Sending to Dr. at Project Health & Performance <contactprojecthp@gmail.com>
✅ Sent email to Dr. Rob Morano <contactprojecthp@gmail.com>
Waiting 120 seconds before next email...
[12/35] Sending to Tsiala at Trillium Med Spa <trilliumedspa@gmail.com>
✅ Sent email to Tsiala Mukhiashvili <trilliumedspa@gmail.com>
Waiting 120 seconds before next email...
[13/35] Sending to David at A & A Plumbing & Mechanical Services <david.aaplumbing@gmail.com>
✅ Sent email to David <david.aaplumbing@gmail.com>
Waiting 120 seconds before next email...
[14/35] Sending to Kwok at 2641417 Ontario Inc. <plumber.kwan@gmail.com>
✅ Sent email to Kwok Kwan <plumber.kwan@gmail.com>
Waiting 120 seconds before next email...
[15/35] Sending to Owner at Evolve Club <evolveclubhq@gmail.com>
✅ Sent email to Owner <evolveclubhq@gmail.com>
Waiting 120 seconds before next email...
[16/35] Sending to Owner at Mr.Barber Unisex Salon <mr.barberunisexbeautysalon@gmail.com>
✅ Sent email to Owner <mr.barberunisexbeautysalon@gmail.com>
Waiting 120 seconds before next email...
[17/35] Sending to Owner at The Reputation Barbershop <Thereputationbarbershop@gmail.com>
✅ Sent email to Owner <Thereputationbarbershop@gmail.com>
Waiting 120 seconds before next email...
[18/35] Sending to Owner at West End Barbershop <westendbarbershopto@gmail.com>
✅ Sent email to Owner <westendbarbershopto@gmail.com>
Waiting 120 seconds before next email...
[19/35] Sending to Technician at Expert GTA Electric and HVAC <expertgta4@gmail.com>
✅ Sent email to Technician <expertgta4@gmail.com>
Waiting 120 seconds before next email...
[20/35] Sending to Owner at Krisp Klean <krispklean@gmail.com>
✅ Sent email to Owner <krispklean@gmail.com>
Waiting 120 seconds before next email...
[21/35] Sending to Owner at Memorable Cleans <Memorablecleans@gmail.com>
✅ Sent email to Owner <Memorablecleans@gmail.com>
Waiting 120 seconds before next email...
[22/35] Sending to Oliver at Olish Polish <olishpolishcleaningservice@gmail.com>
✅ Sent email to Oliver <olishpolishcleaningservice@gmail.com>
Waiting 120 seconds before next email...
[23/35] Sending to Owner at Evergreen Office Cleaning <evergreencleaning416@gmail.com>
✅ Sent email to Owner <evergreencleaning416@gmail.com>
Waiting 120 seconds before next email...
[24/35] Sending to Owner at Focused Cleaning Services <focusedcleaningco@gmail.com>
✅ Sent email to Owner <focusedcleaningco@gmail.com>
Waiting 120 seconds before next email...
[25/35] Sending to Owner at Vaughan Gymnastics Club <vaughangym@gmail.com>
✅ Sent email to Owner <vaughangym@gmail.com>
Waiting 120 seconds before next email...
[26/35] Sending to Owner at Heritage Barbershop <heritagebarbershop10@gmail.com>
✅ Sent email to Owner <heritagebarbershop10@gmail.com>
Waiting 120 seconds before next email...
[27/35] Sending to Owner at Barberblvd <BarberBLVD@gmail.com>
✅ Sent email to Owner <BarberBLVD@gmail.com>
Waiting 120 seconds before next email...
[28/35] Sending to Owner at Bloor Royal York Physiotherapy <bloorroyalyorkphysio@gmail.com>
✅ Sent email to Owner <bloorroyalyorkphysio@gmail.com>
Waiting 120 seconds before next email...
[29/35] Sending to Lisa at Lisa Wellness <lisawellnessclinic@gmail.com>
✅ Sent email to Lisa <lisawellnessclinic@gmail.com>
Waiting 120 seconds before next email...
[30/35] Sending to Dr. at Dr. Colin Hong - North Medical Spa <hello@northmedicalspa.com>
✅ Sent email to Dr. Colin Hong <hello@northmedicalspa.com>
Waiting 120 seconds before next email...
[31/35] Sending to Owner at A. V. Plumbing & Gas <avplumbingandgas@gmail.com>
✅ Sent email to Owner <avplumbingandgas@gmail.com>
Waiting 120 seconds before next email...
[32/35] Sending to Owner at A.C.F. Mechanical Inc. <acfmechanical@gmail.com>
✅ Sent email to Owner <acfmechanical@gmail.com>
Waiting 120 seconds before next email...
[33/35] Sending to J at J Briggs Electrical Services <jbriggselectricalservices@gmail.com>
✅ Sent email to J Briggs <jbriggselectricalservices@gmail.com>
Waiting 120 seconds before next email...
[34/35] Sending to Lilian at Sparc Electrical & Airconditioning <lilianwilson220@gmail.com>
✅ Sent email to Lilian Wilson <lilianwilson220@gmail.com>
Waiting 120 seconds before next email...
Skipping smileteamtoronto@gmail.com (already sent)
