nioshadaneshvar@gmail.com
littlegreenbuilding@gmail.com
smileteamtoronto@gmail.com
damontsaidental@gmail.com
drfruitman@gmail.com
northernfitnessnf@gmail.com
derry.village.physio@gmail.com
dranitachopra@gmail.com
kevin.cheyne@gmail.com
dr.jasleensingh@gmail.com
contactprojecthp@gmail.com
trilliumedspa@gmail.com
david.aaplumbing@gmail.com
plumber.kwan@gmail.com
evolveclubhq@gmail.com
mr.barberunisexbeautysalon@gmail.com
Thereputationbarbershop@gmail.com
westendbarbershopto@gmail.com
expertgta4@gmail.com
krispklean@gmail.com
Memorablecleans@gmail.com
olishpolishcleaningservice@gmail.com
evergreencleaning416@gmail.com
focusedcleaningco@gmail.com
vaughangym@gmail.com
heritagebarbershop10@gmail.com
BarberBLVD@gmail.com
bloorroyalyorkphysio@gmail.com
lisawellnessclinic@gmail.com
hello@northmedicalspa.com
avplumbingandgas@gmail.com
acfmechanical@gmail.com
jbriggselectricalservices@gmail.com
lilianwilson220@gmail.com
